[35m[Appium][39m Welcome to Appium v2.5.1
[35m[Appium][39m Non-default server args:
[35m[Appium][39m { basePath: [32m'/wd/hub'[39m, loglevel: [32m'info'[39m, port: [33m57618[39m }
[35m[Appium][39m Attempting to load driver uiautomator2...
[35m[Appium][39m Appium REST http interface listener started on http://0.0.0.0:57618/wd/hub
[35m[Appium][39m You can provide the following URLs in your client code to connect to this server:
[35m[Appium][39m 	http://192.168.1.14:57618/wd/hub
[35m[Appium][39m 	http://127.0.0.1:57618/wd/hub (only accessible from the same host)
[35m[Appium][39m Available drivers:
[35m[Appium][39m   - uiautomator2@3.0.0 (automationName 'UiAutomator2')
[35m[Appium][39m No plugins have been installed. Use the "appium plugin" command to install the one(s) you want to use.
[38;5;0m[HTTP][0m [37m-->[39m [37mGET[39m [37m/wd/hub/status[39m
[38;5;0m[HTTP][0m [90m{}[39m
[38;5;0m[HTTP][0m [37m<-- GET /wd/hub/status [39m[32m200[39m [90m11 ms - 110[39m
[38;5;0m[HTTP][0m [90m[39m
[38;5;0m[HTTP][0m [37m-->[39m [37mGET[39m [37m/wd/hub/status[39m
[38;5;0m[HTTP][0m [90m{}[39m
[38;5;0m[HTTP][0m [37m<-- GET /wd/hub/status [39m[32m200[39m [90m2 ms - 110[39m
[38;5;0m[HTTP][0m [90m[39m
[38;5;0m[HTTP][0m [37m-->[39m [37mPOST[39m [37m/wd/hub/session[39m
[38;5;0m[HTTP][0m [90m{"desiredCapabilities":{"appium:systemPort":57667,"appium:newCommandTimeout":1800,"appium:appWaitActivity":"","appium:automationName":"uiautomator2","appium:fullReset":false,"appium:platformVersion":"11","appium:deviceId":"","appium:noReset":true,"appium:udid":"RR8R8064TEH","appium:autoGrantPermissions":true,"appium:platformName":"ANDROID","appium:deviceName":"samsung SM-A127F (Android 11)","platformName":"Android","appium:app":"D:\\ProgramFiles\\APIDemos.apk"},"capabilities":{"firstMatch":[{"appium:app":"D:\\ProgramFiles\\APIDemos.apk","appium:appWaitActivity":"","appium:autoGrantPermissions":true,"appium:automationName":"uiautomator2","appium:deviceId":"","appium:deviceName":"samsung SM-A127F (Android 11)","appium:fullReset":false,"appium:newCommandTimeout":1800,"appium:noReset":true,"appium:platformName":"ANDROID","appium:platformVersion":"11","appium:systemPort":57667,"appium:udid":"RR8R8064TEH","platformName":"android"}]}}[39m
[38;5;32m[BaseDriver][0m Ignoring capability 'appium:platformName=ANDROID' and using capability 'platformName=android'
[38;5;32m[BaseDriver][0m The capabilities ["platformName"] are standard capabilities and do not require "appium:" prefix
[35m[Appium][39m Attempting to find matching driver for automationName 'uiautomator2' and platformName 'android'
[35m[Appium][39m The 'uiautomator2' driver was installed and matched caps.
[35m[Appium][39m Will require it at C:\Users\ASUS\.appium\node_modules\appium-uiautomator2-driver
[38;5;16m[AppiumDriver@930a][0m Appium v2.5.1 creating new AndroidUiautomator2Driver (v3.0.0) session
[38;5;16m[AppiumDriver@930a][0m Checking BaseDriver versions for Appium and AndroidUiautomator2Driver
[38;5;16m[AppiumDriver@930a][0m Appium's BaseDriver version is 9.5.2
[38;5;16m[AppiumDriver@930a][0m AndroidUiautomator2Driver's BaseDriver version is 9.5.2
[38;5;48m[AndroidUiautomator2Driver@1bc7][0m The following provided capabilities were not recognized by this driver:
[38;5;48m[AndroidUiautomator2Driver@1bc7][0m   deviceId
[38;5;48m[AndroidUiautomator2Driver@1bc7 (f57417f4)][0m Session created with session id: f57417f4-597c-4d1e-b36c-d17e36635d24
[38;5;64m[ADB][0m Found 1 'build-tools' folders under 'C:\Users\ASUS\.katalon\tools\android_sdk' (newest first):
[38;5;64m[ADB][0m     C:\Users\ASUS\.katalon\tools\android_sdk\build-tools\29.0.3
[38;5;64m[ADB][0m Using 'adb.exe' from 'C:\Users\ASUS\.katalon\tools\android_sdk\platform-tools\adb.exe'
[38;5;48m[AndroidUiautomator2Driver@1bc7 (f57417f4)][0m Retrieving device list
[38;5;48m[AndroidUiautomator2Driver@1bc7 (f57417f4)][0m Using device: RR8R8064TEH
[38;5;64m[ADB][0m Using 'adb.exe' from 'C:\Users\ASUS\.katalon\tools\android_sdk\platform-tools\adb.exe'
[38;5;32m[BaseDriver][0m Using local app 'D:\ProgramFiles\APIDemos.apk'
[38;5;64m[ADB][0m Getting device platform version
[38;5;48m[AndroidUiautomator2Driver@1bc7 (f57417f4)][0m Relaxing hidden api policy
[38;5;64m[ADB][0m Package name: 'io.appium.android.apis'
[38;5;64m[ADB][0m Main activity name: 'io.appium.android.apis.ApiDemos'
[38;5;64m[ADB][0m The application at 'C:\Users\ASUS\.appium\node_modules\appium-uiautomator2-driver\node_modules\io.appium.settings\apks\settings_apk-debug.apk' will not be cached, because the device under test has confirmed the support of streamed installs
[38;5;64m[ADB][0m The installation of 'settings_apk-debug.apk' took 1629ms
[38;5;64m[ADB][0m Using 'apksigner.jar' from 'C:\Users\ASUS\.katalon\tools\android_sdk\build-tools\29.0.3\lib\apksigner.jar'
[38;5;64m[ADB][0m 'C:\Users\ASUS\.appium\node_modules\appium-uiautomator2-driver\node_modules\appium-uiautomator2-server\apks\appium-uiautomator2-server-debug-androidTest.apk' is signed with the default certificate
[38;5;64m[ADB][0m 'D:\ProgramFiles\APIDemos.apk' is signed with a non-default certificate
[38;5;64m[ADB][0m The application at 'D:\ProgramFiles\APIDemos.apk' will not be cached, because the device under test has confirmed the support of streamed installs
[38;5;64m[ADB][0m 'C:\Users\ASUS\.appium\node_modules\appium-uiautomator2-driver\node_modules\appium-uiautomator2-server\apks\appium-uiautomator2-server-v7.0.0.apk' is signed with the default certificate
[38;5;48m[AndroidUiautomator2Driver@1bc7 (f57417f4)][0m Server packages are going to be (re)installed
[38;5;64m[ADB][0m The application at 'C:\Users\ASUS\.appium\node_modules\appium-uiautomator2-driver\node_modules\appium-uiautomator2-server\apks\appium-uiautomator2-server-v7.0.0.apk' will not be cached, because the device under test has confirmed the support of streamed installs
[38;5;64m[ADB][0m The application at 'C:\Users\ASUS\.appium\node_modules\appium-uiautomator2-driver\node_modules\appium-uiautomator2-server\apks\appium-uiautomator2-server-debug-androidTest.apk' will not be cached, because the device under test has confirmed the support of streamed installs
[38;5;64m[ADB][0m The installation of 'APIDemos.apk' took 1971ms
[38;5;64m[ADB][0m The installation of 'appium-uiautomator2-server-debug-androidTest.apk' took 6566ms
[38;5;64m[ADB][0m The installation of 'appium-uiautomator2-server-v7.0.0.apk' took 8588ms
[38;5;64m[ADB][0m Adding packages ["io.appium.settings","io.appium.uiautomator2.server","io.appium.uiautomator2.server.test"] to Doze whitelist
[38;5;48m[AndroidUiautomator2Driver@1bc7 (f57417f4)][0m Starting UIAutomator2 server 7.0.0
[38;5;48m[AndroidUiautomator2Driver@1bc7 (f57417f4)][0m Using UIAutomator2 server from 'C:\Users\ASUS\.appium\node_modules\appium-uiautomator2-driver\node_modules\appium-uiautomator2-server\apks\appium-uiautomator2-server-v7.0.0.apk' and test from 'C:\Users\ASUS\.appium\node_modules\appium-uiautomator2-driver\node_modules\appium-uiautomator2-server\apks\appium-uiautomator2-server-debug-androidTest.apk'
[38;5;48m[AndroidUiautomator2Driver@1bc7 (f57417f4)][0m Waiting up to 30000ms for UiAutomator2 to be online...
[38;5;48m[AndroidUiautomator2Driver@1bc7 (f57417f4)][0m socket hang up
[38;5;48m[AndroidUiautomator2Driver@1bc7 (f57417f4)][0m socket hang up
[38;5;48m[AndroidUiautomator2Driver@1bc7 (f57417f4)][0m socket hang up
[38;5;48m[AndroidUiautomator2Driver@1bc7 (f57417f4)][0m socket hang up
[38;5;48m[AndroidUiautomator2Driver@1bc7 (f57417f4)][0m socket hang up
[38;5;48m[AndroidUiautomator2Driver@1bc7 (f57417f4)][0m socket hang up
[38;5;48m[AndroidUiautomator2Driver@1bc7 (f57417f4)][0m socket hang up
[38;5;48m[AndroidUiautomator2Driver@1bc7 (f57417f4)][0m Determined the downstream protocol as 'W3C'
[38;5;48m[AndroidUiautomator2Driver@1bc7 (f57417f4)][0m Screen already unlocked, doing nothing
[38;5;48m[AndroidUiautomator2Driver@1bc7 (f57417f4)][0m Starting 'io.appium.android.apis/io.appium.android.apis.ApiDemos and waiting for 'io.appium.android.apis/io.appium.android.apis.ApiDemos'
[38;5;16m[AppiumDriver@930a][0m New AndroidUiautomator2Driver session created successfully, session f57417f4-597c-4d1e-b36c-d17e36635d24 added to master session list
[38;5;0m[HTTP][0m [37m<-- POST /wd/hub/session [39m[32m200[39m [90m27255 ms - 1215[39m
[38;5;0m[HTTP][0m [90m[39m
[38;5;0m[HTTP][0m [37m-->[39m [37mGET[39m [37m/wd/hub/session/f57417f4-597c-4d1e-b36c-d17e36635d24[39m
[38;5;0m[HTTP][0m [90m{}[39m
[38;5;0m[HTTP][0m [37m<-- GET /wd/hub/session/f57417f4-597c-4d1e-b36c-d17e36635d24 [39m[32m200[39m [90m25 ms - 358[39m
[38;5;0m[HTTP][0m [90m[39m
[38;5;0m[HTTP][0m [37m-->[39m [37mGET[39m [37m/wd/hub/session/f57417f4-597c-4d1e-b36c-d17e36635d24[39m
[38;5;0m[HTTP][0m [90m{}[39m
[38;5;0m[HTTP][0m [37m<-- GET /wd/hub/session/f57417f4-597c-4d1e-b36c-d17e36635d24 [39m[32m200[39m [90m22 ms - 358[39m
[38;5;0m[HTTP][0m [90m[39m
[38;5;0m[HTTP][0m [37m-->[39m [37mGET[39m [37m/wd/hub/status[39m
[38;5;0m[HTTP][0m [90m{}[39m
[38;5;0m[HTTP][0m [37m<-- GET /wd/hub/status [39m[32m200[39m [90m3 ms - 110[39m
[38;5;0m[HTTP][0m [90m[39m
[38;5;0m[HTTP][0m [37m-->[39m [37mPOST[39m [37m/wd/hub/session/f57417f4-597c-4d1e-b36c-d17e36635d24/timeouts[39m
[38;5;0m[HTTP][0m [90m{"implicit":60000}[39m
[38;5;0m[HTTP][0m [37m<-- POST /wd/hub/session/f57417f4-597c-4d1e-b36c-d17e36635d24/timeouts [39m[32m200[39m [90m8 ms - 14[39m
[38;5;0m[HTTP][0m [90m[39m
[38;5;0m[HTTP][0m [37m-->[39m [37mGET[39m [37m/wd/hub/session/f57417f4-597c-4d1e-b36c-d17e36635d24/source[39m
[38;5;0m[HTTP][0m [90m{}[39m
[38;5;48m[AndroidUiautomator2Driver@1bc7 (f57417f4)][0m Driver proxy active, passing request on via HTTP proxy
[38;5;48m[AndroidUiautomator2Driver@1bc7 (f57417f4)][0m Replacing sessionId 3bb3ac2e-6a4e-4094-9aec-3093968fa752 with f57417f4-597c-4d1e-b36c-d17e36635d24
[38;5;0m[HTTP][0m [37m<-- GET /wd/hub/session/f57417f4-597c-4d1e-b36c-d17e36635d24/source [39m[32m200[39m [90m1720 ms - 116400[39m
[38;5;0m[HTTP][0m [90m[39m
[38;5;0m[HTTP][0m [37m-->[39m [37mGET[39m [37m/wd/hub/session/f57417f4-597c-4d1e-b36c-d17e36635d24/screenshot[39m
[38;5;0m[HTTP][0m [90m{}[39m
[38;5;0m[HTTP][0m [37m<-- GET /wd/hub/session/f57417f4-597c-4d1e-b36c-d17e36635d24/screenshot [39m[32m200[39m [90m1240 ms - 725904[39m
[38;5;0m[HTTP][0m [90m[39m
[38;5;0m[HTTP][0m [37m-->[39m [37mPOST[39m [37m/wd/hub/session/f57417f4-597c-4d1e-b36c-d17e36635d24/elements[39m
[38;5;0m[HTTP][0m [90m{"using":"xpath","value":"//*[@class = 'android.widget.LinearLayout' and @resource-id = 'com.android.systemui:id/panel_carrier_label_container' and (@text = '' or . = '')]"}[39m
[38;5;0m[HTTP][0m [37m<-- POST /wd/hub/session/f57417f4-597c-4d1e-b36c-d17e36635d24/elements [39m[32m200[39m [90m60122 ms - 12[39m
[38;5;0m[HTTP][0m [90m[39m
[38;5;0m[HTTP][0m [37m-->[39m [37mPOST[39m [37m/wd/hub/session/f57417f4-597c-4d1e-b36c-d17e36635d24/elements[39m
[38;5;0m[HTTP][0m [90m{"using":"id","value":"com.android.systemui:id/panel_carrier_label_container"}[39m
[38;5;0m[HTTP][0m [37m<-- POST /wd/hub/session/f57417f4-597c-4d1e-b36c-d17e36635d24/elements [39m[32m200[39m [90m60094 ms - 12[39m
[38;5;0m[HTTP][0m [90m[39m
[38;5;0m[HTTP][0m [37m-->[39m [37mPOST[39m [37m/wd/hub/session/f57417f4-597c-4d1e-b36c-d17e36635d24/elements[39m
[38;5;0m[HTTP][0m [90m{"using":"-android uiautomator","value":"new UiSelector().className(\"android.widget.LinearLayout\").resourceId(\"com.android.systemui:id/panel_carrier_label_container\")"}[39m
[38;5;0m[HTTP][0m [37m<-- POST /wd/hub/session/f57417f4-597c-4d1e-b36c-d17e36635d24/elements [39m[32m200[39m [90m60115 ms - 12[39m
[38;5;0m[HTTP][0m [90m[39m
[38;5;0m[HTTP][0m [37m-->[39m [37mGET[39m [37m/wd/hub/session/f57417f4-597c-4d1e-b36c-d17e36635d24/window/rect[39m
[38;5;0m[HTTP][0m [90m{}[39m
[38;5;0m[HTTP][0m [37m<-- GET /wd/hub/session/f57417f4-597c-4d1e-b36c-d17e36635d24/window/rect [39m[32m200[39m [90m47 ms - 49[39m
[38;5;0m[HTTP][0m [90m[39m
[38;5;0m[HTTP][0m [37m-->[39m [37mPOST[39m [37m/wd/hub/session/f57417f4-597c-4d1e-b36c-d17e36635d24/elements[39m
[38;5;0m[HTTP][0m [90m{"using":"xpath","value":"//hierarchy/android.widget.FrameLayout[1]/android.widget.FrameLayout[1]/android.widget.LinearLayout[1]"}[39m
[38;5;0m[HTTP][0m [37m<-- POST /wd/hub/session/f57417f4-597c-4d1e-b36c-d17e36635d24/elements [39m[32m200[39m [90m60128 ms - 12[39m
[38;5;0m[HTTP][0m [90m[39m
[38;5;0m[HTTP][0m [37m-->[39m [37mGET[39m [37m/wd/hub/session/f57417f4-597c-4d1e-b36c-d17e36635d24/source[39m
[38;5;0m[HTTP][0m [90m{}[39m
[38;5;48m[AndroidUiautomator2Driver@1bc7 (f57417f4)][0m Driver proxy active, passing request on via HTTP proxy
[38;5;48m[AndroidUiautomator2Driver@1bc7 (f57417f4)][0m Replacing sessionId 3bb3ac2e-6a4e-4094-9aec-3093968fa752 with f57417f4-597c-4d1e-b36c-d17e36635d24
[38;5;0m[HTTP][0m [37m<-- GET /wd/hub/session/f57417f4-597c-4d1e-b36c-d17e36635d24/source [39m[32m200[39m [90m161 ms - 13567[39m
[38;5;0m[HTTP][0m [90m[39m
[38;5;0m[HTTP][0m [37m-->[39m [37mGET[39m [37m/wd/hub/session/f57417f4-597c-4d1e-b36c-d17e36635d24/screenshot[39m
[38;5;0m[HTTP][0m [90m{}[39m
[38;5;0m[HTTP][0m [37m<-- GET /wd/hub/session/f57417f4-597c-4d1e-b36c-d17e36635d24/screenshot [39m[32m200[39m [90m755 ms - 10552[39m
[38;5;0m[HTTP][0m [90m[39m
[38;5;0m[HTTP][0m [37m-->[39m [37mGET[39m [37m/wd/hub/session/f57417f4-597c-4d1e-b36c-d17e36635d24/source[39m
[38;5;0m[HTTP][0m [90m{}[39m
[38;5;48m[AndroidUiautomator2Driver@1bc7 (f57417f4)][0m Driver proxy active, passing request on via HTTP proxy
[38;5;48m[AndroidUiautomator2Driver@1bc7 (f57417f4)][0m Replacing sessionId 3bb3ac2e-6a4e-4094-9aec-3093968fa752 with f57417f4-597c-4d1e-b36c-d17e36635d24
[38;5;0m[HTTP][0m [37m<-- GET /wd/hub/session/f57417f4-597c-4d1e-b36c-d17e36635d24/source [39m[32m200[39m [90m61 ms - 8547[39m
[38;5;0m[HTTP][0m [90m[39m
[38;5;0m[HTTP][0m [37m-->[39m [37mGET[39m [37m/wd/hub/session/f57417f4-597c-4d1e-b36c-d17e36635d24/screenshot[39m
[38;5;0m[HTTP][0m [90m{}[39m
[38;5;0m[HTTP][0m [37m<-- GET /wd/hub/session/f57417f4-597c-4d1e-b36c-d17e36635d24/screenshot [39m[32m200[39m [90m702 ms - 68776[39m
[38;5;0m[HTTP][0m [90m[39m
[38;5;0m[HTTP][0m [37m-->[39m [37mPOST[39m [37m/wd/hub/session/f57417f4-597c-4d1e-b36c-d17e36635d24/elements[39m
[38;5;0m[HTTP][0m [90m{"using":"xpath","value":"//*[@class = 'android.widget.TextView' and (@text = 'OS' or . = 'OS') and @resource-id = 'android:id/text1']"}[39m
[38;5;0m[HTTP][0m [37m<-- POST /wd/hub/session/f57417f4-597c-4d1e-b36c-d17e36635d24/elements [39m[32m200[39m [90m60140 ms - 12[39m
[38;5;0m[HTTP][0m [90m[39m
[38;5;0m[HTTP][0m [37m-->[39m [37mPOST[39m [37m/wd/hub/session/f57417f4-597c-4d1e-b36c-d17e36635d24/elements[39m
[38;5;0m[HTTP][0m [90m{"using":"accessibility id","value":"OS"}[39m
[38;5;0m[HTTP][0m [37m<-- POST /wd/hub/session/f57417f4-597c-4d1e-b36c-d17e36635d24/elements [39m[32m200[39m [90m9457 ms - 139[39m
[38;5;0m[HTTP][0m [90m[39m
[38;5;0m[HTTP][0m [37m-->[39m [37mGET[39m [37m/wd/hub/session/f57417f4-597c-4d1e-b36c-d17e36635d24/window/rect[39m
[38;5;0m[HTTP][0m [90m{}[39m
[38;5;0m[HTTP][0m [37m<-- GET /wd/hub/session/f57417f4-597c-4d1e-b36c-d17e36635d24/window/rect [39m[32m200[39m [90m35 ms - 49[39m
[38;5;0m[HTTP][0m [90m[39m
[38;5;0m[HTTP][0m [37m-->[39m [37mPOST[39m [37m/wd/hub/session/f57417f4-597c-4d1e-b36c-d17e36635d24/elements[39m
[38;5;0m[HTTP][0m [90m{"using":"accessibility id","value":"OS"}[39m
[38;5;0m[HTTP][0m [37m<-- POST /wd/hub/session/f57417f4-597c-4d1e-b36c-d17e36635d24/elements [39m[32m200[39m [90m47 ms - 139[39m
[38;5;0m[HTTP][0m [90m[39m
[38;5;0m[HTTP][0m [37m-->[39m [37mGET[39m [37m/wd/hub/session/f57417f4-597c-4d1e-b36c-d17e36635d24/element/00000000-0000-0009-ffff-ffff00000011/location[39m
[38;5;0m[HTTP][0m [90m{}[39m
[38;5;48m[AndroidUiautomator2Driver@1bc7 (f57417f4)][0m Driver proxy active, passing request on via HTTP proxy
[38;5;48m[AndroidUiautomator2Driver@1bc7 (f57417f4)][0m Replacing sessionId 3bb3ac2e-6a4e-4094-9aec-3093968fa752 with f57417f4-597c-4d1e-b36c-d17e36635d24
[38;5;0m[HTTP][0m [37m<-- GET /wd/hub/session/f57417f4-597c-4d1e-b36c-d17e36635d24/element/00000000-0000-0009-ffff-ffff00000011/location [39m[32m200[39m [90m66 ms - 76[39m
[38;5;0m[HTTP][0m [90m[39m
[38;5;0m[HTTP][0m [37m-->[39m [37mPOST[39m [37m/wd/hub/session/f57417f4-597c-4d1e-b36c-d17e36635d24/element/00000000-0000-0009-ffff-ffff00000011/click[39m
[38;5;0m[HTTP][0m [90m{"id":"00000000-0000-0009-ffff-ffff00000011"}[39m
[38;5;0m[HTTP][0m [37m<-- POST /wd/hub/session/f57417f4-597c-4d1e-b36c-d17e36635d24/element/00000000-0000-0009-ffff-ffff00000011/click [39m[32m200[39m [90m1264 ms - 14[39m
[38;5;0m[HTTP][0m [90m[39m
[38;5;0m[HTTP][0m [37m-->[39m [37mGET[39m [37m/wd/hub/session/f57417f4-597c-4d1e-b36c-d17e36635d24/source[39m
[38;5;0m[HTTP][0m [90m{}[39m
[38;5;48m[AndroidUiautomator2Driver@1bc7 (f57417f4)][0m Driver proxy active, passing request on via HTTP proxy
[38;5;48m[AndroidUiautomator2Driver@1bc7 (f57417f4)][0m Replacing sessionId 3bb3ac2e-6a4e-4094-9aec-3093968fa752 with f57417f4-597c-4d1e-b36c-d17e36635d24
[38;5;0m[HTTP][0m [37m<-- GET /wd/hub/session/f57417f4-597c-4d1e-b36c-d17e36635d24/source [39m[32m200[39m [90m58 ms - 5057[39m
[38;5;0m[HTTP][0m [90m[39m
[38;5;0m[HTTP][0m [37m-->[39m [37mGET[39m [37m/wd/hub/session/f57417f4-597c-4d1e-b36c-d17e36635d24/screenshot[39m
[38;5;0m[HTTP][0m [90m{}[39m
[38;5;0m[HTTP][0m [37m<-- GET /wd/hub/session/f57417f4-597c-4d1e-b36c-d17e36635d24/screenshot [39m[32m200[39m [90m688 ms - 50280[39m
[38;5;0m[HTTP][0m [90m[39m
[38;5;0m[HTTP][0m [37m-->[39m [37mPOST[39m [37m/wd/hub/session/f57417f4-597c-4d1e-b36c-d17e36635d24/elements[39m
[38;5;0m[HTTP][0m [90m{"using":"xpath","value":"//*[@class = 'android.widget.TextView' and (@text = 'SMS Messaging' or . = 'SMS Messaging') and @resource-id = 'android:id/text1']"}[39m
[38;5;0m[HTTP][0m [37m<-- POST /wd/hub/session/f57417f4-597c-4d1e-b36c-d17e36635d24/elements [39m[32m200[39m [90m74 ms - 139[39m
[38;5;0m[HTTP][0m [90m[39m
[38;5;0m[HTTP][0m [37m-->[39m [37mGET[39m [37m/wd/hub/session/f57417f4-597c-4d1e-b36c-d17e36635d24/window/rect[39m
[38;5;0m[HTTP][0m [90m{}[39m
[38;5;0m[HTTP][0m [37m<-- GET /wd/hub/session/f57417f4-597c-4d1e-b36c-d17e36635d24/window/rect [39m[32m200[39m [90m18 ms - 49[39m
[38;5;0m[HTTP][0m [90m[39m
[38;5;0m[HTTP][0m [37m-->[39m [37mPOST[39m [37m/wd/hub/session/f57417f4-597c-4d1e-b36c-d17e36635d24/elements[39m
[38;5;0m[HTTP][0m [90m{"using":"xpath","value":"//*[@class = 'android.widget.TextView' and (@text = 'SMS Messaging' or . = 'SMS Messaging') and @resource-id = 'android:id/text1']"}[39m
[38;5;0m[HTTP][0m [37m<-- POST /wd/hub/session/f57417f4-597c-4d1e-b36c-d17e36635d24/elements [39m[32m200[39m [90m79 ms - 139[39m
[38;5;0m[HTTP][0m [90m[39m
[38;5;0m[HTTP][0m [37m-->[39m [37mGET[39m [37m/wd/hub/session/f57417f4-597c-4d1e-b36c-d17e36635d24/element/00000000-0000-000b-ffff-ffff00000030/location[39m
[38;5;0m[HTTP][0m [90m{}[39m
[38;5;48m[AndroidUiautomator2Driver@1bc7 (f57417f4)][0m Driver proxy active, passing request on via HTTP proxy
[38;5;48m[AndroidUiautomator2Driver@1bc7 (f57417f4)][0m Replacing sessionId 3bb3ac2e-6a4e-4094-9aec-3093968fa752 with f57417f4-597c-4d1e-b36c-d17e36635d24
[38;5;0m[HTTP][0m [37m<-- GET /wd/hub/session/f57417f4-597c-4d1e-b36c-d17e36635d24/element/00000000-0000-000b-ffff-ffff00000030/location [39m[32m200[39m [90m37 ms - 76[39m
[38;5;0m[HTTP][0m [90m[39m
[38;5;0m[HTTP][0m [37m-->[39m [37mPOST[39m [37m/wd/hub/session/f57417f4-597c-4d1e-b36c-d17e36635d24/element/00000000-0000-000b-ffff-ffff00000030/click[39m
[38;5;0m[HTTP][0m [90m{"id":"00000000-0000-000b-ffff-ffff00000030"}[39m
[38;5;0m[HTTP][0m [37m<-- POST /wd/hub/session/f57417f4-597c-4d1e-b36c-d17e36635d24/element/00000000-0000-000b-ffff-ffff00000030/click [39m[32m200[39m [90m1087 ms - 14[39m
[38;5;0m[HTTP][0m [90m[39m
[38;5;0m[HTTP][0m [37m-->[39m [37mGET[39m [37m/wd/hub/session/f57417f4-597c-4d1e-b36c-d17e36635d24/source[39m
[38;5;0m[HTTP][0m [90m{}[39m
[38;5;48m[AndroidUiautomator2Driver@1bc7 (f57417f4)][0m Driver proxy active, passing request on via HTTP proxy
[38;5;48m[AndroidUiautomator2Driver@1bc7 (f57417f4)][0m Replacing sessionId 3bb3ac2e-6a4e-4094-9aec-3093968fa752 with f57417f4-597c-4d1e-b36c-d17e36635d24
[38;5;0m[HTTP][0m [37m<-- GET /wd/hub/session/f57417f4-597c-4d1e-b36c-d17e36635d24/source [39m[32m200[39m [90m78 ms - 9639[39m
[38;5;0m[HTTP][0m [90m[39m
[38;5;0m[HTTP][0m [37m-->[39m [37mGET[39m [37m/wd/hub/session/f57417f4-597c-4d1e-b36c-d17e36635d24/screenshot[39m
[38;5;0m[HTTP][0m [90m{}[39m
[38;5;0m[HTTP][0m [37m<-- GET /wd/hub/session/f57417f4-597c-4d1e-b36c-d17e36635d24/screenshot [39m[32m200[39m [90m725 ms - 79304[39m
[38;5;0m[HTTP][0m [90m[39m
[38;5;0m[HTTP][0m [37m-->[39m [37mPOST[39m [37m/wd/hub/session/f57417f4-597c-4d1e-b36c-d17e36635d24/elements[39m
[38;5;0m[HTTP][0m [90m{"using":"xpath","value":"//*[@class = 'android.widget.EditText' and @resource-id = 'io.appium.android.apis:id/sms_recipient' and (@text = '' or . = '')]"}[39m
[38;5;0m[HTTP][0m [37m<-- POST /wd/hub/session/f57417f4-597c-4d1e-b36c-d17e36635d24/elements [39m[32m200[39m [90m24933 ms - 139[39m
[38;5;0m[HTTP][0m [90m[39m
[38;5;0m[HTTP][0m [37m-->[39m [37mGET[39m [37m/wd/hub/session/f57417f4-597c-4d1e-b36c-d17e36635d24/window/rect[39m
[38;5;0m[HTTP][0m [90m{}[39m
[38;5;0m[HTTP][0m [37m<-- GET /wd/hub/session/f57417f4-597c-4d1e-b36c-d17e36635d24/window/rect [39m[32m200[39m [90m27 ms - 49[39m
[38;5;0m[HTTP][0m [90m[39m
[38;5;0m[HTTP][0m [37m-->[39m [37mPOST[39m [37m/wd/hub/session/f57417f4-597c-4d1e-b36c-d17e36635d24/elements[39m
[38;5;0m[HTTP][0m [90m{"using":"xpath","value":"//*[@class = 'android.widget.EditText' and @resource-id = 'io.appium.android.apis:id/sms_recipient' and (@text = '' or . = '')]"}[39m
[38;5;0m[HTTP][0m [37m<-- POST /wd/hub/session/f57417f4-597c-4d1e-b36c-d17e36635d24/elements [39m[32m200[39m [90m104 ms - 139[39m
[38;5;0m[HTTP][0m [90m[39m
[38;5;0m[HTTP][0m [37m-->[39m [37mGET[39m [37m/wd/hub/session/f57417f4-597c-4d1e-b36c-d17e36635d24/element/00000000-0000-000c-ffff-ffff0000003b/location[39m
[38;5;0m[HTTP][0m [90m{}[39m
[38;5;48m[AndroidUiautomator2Driver@1bc7 (f57417f4)][0m Driver proxy active, passing request on via HTTP proxy
[38;5;48m[AndroidUiautomator2Driver@1bc7 (f57417f4)][0m Replacing sessionId 3bb3ac2e-6a4e-4094-9aec-3093968fa752 with f57417f4-597c-4d1e-b36c-d17e36635d24
[38;5;0m[HTTP][0m [37m<-- GET /wd/hub/session/f57417f4-597c-4d1e-b36c-d17e36635d24/element/00000000-0000-000c-ffff-ffff0000003b/location [39m[32m200[39m [90m33 ms - 78[39m
[38;5;0m[HTTP][0m [90m[39m
[38;5;0m[HTTP][0m [37m-->[39m [37mPOST[39m [37m/wd/hub/session/f57417f4-597c-4d1e-b36c-d17e36635d24/element/00000000-0000-000c-ffff-ffff0000003b/clear[39m
[38;5;0m[HTTP][0m [90m{"id":"00000000-0000-000c-ffff-ffff0000003b"}[39m
[38;5;0m[HTTP][0m [37m<-- POST /wd/hub/session/f57417f4-597c-4d1e-b36c-d17e36635d24/element/00000000-0000-000c-ffff-ffff0000003b/clear [39m[32m200[39m [90m554 ms - 14[39m
[38;5;0m[HTTP][0m [90m[39m
[38;5;0m[HTTP][0m [37m-->[39m [37mPOST[39m [37m/wd/hub/session/f57417f4-597c-4d1e-b36c-d17e36635d24/element/00000000-0000-000c-ffff-ffff0000003b/click[39m
[38;5;0m[HTTP][0m [90m{"id":"00000000-0000-000c-ffff-ffff0000003b"}[39m
[38;5;0m[HTTP][0m [37m<-- POST /wd/hub/session/f57417f4-597c-4d1e-b36c-d17e36635d24/element/00000000-0000-000c-ffff-ffff0000003b/click [39m[32m200[39m [90m508 ms - 14[39m
[38;5;0m[HTTP][0m [90m[39m
[38;5;0m[HTTP][0m [37m-->[39m [37mPOST[39m [37m/wd/hub/session/f57417f4-597c-4d1e-b36c-d17e36635d24/element/00000000-0000-000c-ffff-ffff0000003b/value[39m
[38;5;0m[HTTP][0m [90m{"id":"00000000-0000-000c-ffff-ffff0000003b","text":"1234567890","value":["1","2","3","4","5","6","7","8","9","0"]}[39m
[38;5;0m[HTTP][0m [37m<-- POST /wd/hub/session/f57417f4-597c-4d1e-b36c-d17e36635d24/element/00000000-0000-000c-ffff-ffff0000003b/value [39m[32m200[39m [90m950 ms - 14[39m
[38;5;0m[HTTP][0m [90m[39m
[38;5;0m[HTTP][0m [37m-->[39m [37mGET[39m [37m/wd/hub/session/f57417f4-597c-4d1e-b36c-d17e36635d24/source[39m
[38;5;0m[HTTP][0m [90m{}[39m
[38;5;48m[AndroidUiautomator2Driver@1bc7 (f57417f4)][0m Driver proxy active, passing request on via HTTP proxy
[38;5;48m[AndroidUiautomator2Driver@1bc7 (f57417f4)][0m Replacing sessionId 3bb3ac2e-6a4e-4094-9aec-3093968fa752 with f57417f4-597c-4d1e-b36c-d17e36635d24
[38;5;0m[HTTP][0m [37m<-- GET /wd/hub/session/f57417f4-597c-4d1e-b36c-d17e36635d24/source [39m[32m200[39m [90m96 ms - 9646[39m
[38;5;0m[HTTP][0m [90m[39m
[38;5;0m[HTTP][0m [37m-->[39m [37mGET[39m [37m/wd/hub/session/f57417f4-597c-4d1e-b36c-d17e36635d24/screenshot[39m
[38;5;0m[HTTP][0m [90m{}[39m
[38;5;0m[HTTP][0m [37m<-- GET /wd/hub/session/f57417f4-597c-4d1e-b36c-d17e36635d24/screenshot [39m[32m200[39m [90m1658 ms - 1067648[39m
[38;5;0m[HTTP][0m [90m[39m
[38;5;0m[HTTP][0m [37m-->[39m [37mPOST[39m [37m/wd/hub/session/f57417f4-597c-4d1e-b36c-d17e36635d24/elements[39m
[38;5;0m[HTTP][0m [90m{"using":"xpath","value":"//*[@class = 'android.widget.EditText' and @resource-id = 'io.appium.android.apis:id/sms_content' and (@text = '' or . = '')]"}[39m
[38;5;0m[HTTP][0m [37m<-- POST /wd/hub/session/f57417f4-597c-4d1e-b36c-d17e36635d24/elements [39m[32m200[39m [90m299 ms - 139[39m
[38;5;0m[HTTP][0m [90m[39m
[38;5;0m[HTTP][0m [37m-->[39m [37mGET[39m [37m/wd/hub/session/f57417f4-597c-4d1e-b36c-d17e36635d24/window/rect[39m
[38;5;0m[HTTP][0m [90m{}[39m
[38;5;0m[HTTP][0m [37m<-- GET /wd/hub/session/f57417f4-597c-4d1e-b36c-d17e36635d24/window/rect [39m[32m200[39m [90m16 ms - 49[39m
[38;5;0m[HTTP][0m [90m[39m
[38;5;0m[HTTP][0m [37m-->[39m [37mPOST[39m [37m/wd/hub/session/f57417f4-597c-4d1e-b36c-d17e36635d24/elements[39m
[38;5;0m[HTTP][0m [90m{"using":"xpath","value":"//*[@class = 'android.widget.EditText' and @resource-id = 'io.appium.android.apis:id/sms_content' and (@text = '' or . = '')]"}[39m
[38;5;0m[HTTP][0m [37m<-- POST /wd/hub/session/f57417f4-597c-4d1e-b36c-d17e36635d24/elements [39m[32m200[39m [90m79 ms - 139[39m
[38;5;0m[HTTP][0m [90m[39m
[38;5;0m[HTTP][0m [37m-->[39m [37mGET[39m [37m/wd/hub/session/f57417f4-597c-4d1e-b36c-d17e36635d24/element/00000000-0000-000c-ffff-ffff0000003e/location[39m
[38;5;0m[HTTP][0m [90m{}[39m
[38;5;48m[AndroidUiautomator2Driver@1bc7 (f57417f4)][0m Driver proxy active, passing request on via HTTP proxy
[38;5;48m[AndroidUiautomator2Driver@1bc7 (f57417f4)][0m Replacing sessionId 3bb3ac2e-6a4e-4094-9aec-3093968fa752 with f57417f4-597c-4d1e-b36c-d17e36635d24
[38;5;0m[HTTP][0m [37m<-- GET /wd/hub/session/f57417f4-597c-4d1e-b36c-d17e36635d24/element/00000000-0000-000c-ffff-ffff0000003e/location [39m[32m200[39m [90m41 ms - 78[39m
[38;5;0m[HTTP][0m [90m[39m
[38;5;0m[HTTP][0m [37m-->[39m [37mPOST[39m [37m/wd/hub/session/f57417f4-597c-4d1e-b36c-d17e36635d24/element/00000000-0000-000c-ffff-ffff0000003e/clear[39m
[38;5;0m[HTTP][0m [90m{"id":"00000000-0000-000c-ffff-ffff0000003e"}[39m
[38;5;0m[HTTP][0m [37m<-- POST /wd/hub/session/f57417f4-597c-4d1e-b36c-d17e36635d24/element/00000000-0000-000c-ffff-ffff0000003e/clear [39m[32m200[39m [90m46 ms - 14[39m
[38;5;0m[HTTP][0m [90m[39m
[38;5;0m[HTTP][0m [37m-->[39m [37mPOST[39m [37m/wd/hub/session/f57417f4-597c-4d1e-b36c-d17e36635d24/element/00000000-0000-000c-ffff-ffff0000003e/click[39m
[38;5;0m[HTTP][0m [90m{"id":"00000000-0000-000c-ffff-ffff0000003e"}[39m
[38;5;0m[HTTP][0m [37m<-- POST /wd/hub/session/f57417f4-597c-4d1e-b36c-d17e36635d24/element/00000000-0000-000c-ffff-ffff0000003e/click [39m[32m200[39m [90m803 ms - 14[39m
[38;5;0m[HTTP][0m [90m[39m
[38;5;0m[HTTP][0m [37m-->[39m [37mPOST[39m [37m/wd/hub/session/f57417f4-597c-4d1e-b36c-d17e36635d24/element/00000000-0000-000c-ffff-ffff0000003e/value[39m
[38;5;0m[HTTP][0m [90m{"id":"00000000-0000-000c-ffff-ffff0000003e","text":"Nuha Lina Atqia","value":["N","u","h","a"," ","L","i","n","a"," ","A","t","q","i","a"]}[39m
[38;5;0m[HTTP][0m [37m<-- POST /wd/hub/session/f57417f4-597c-4d1e-b36c-d17e36635d24/element/00000000-0000-000c-ffff-ffff0000003e/value [39m[32m200[39m [90m682 ms - 14[39m
[38;5;0m[HTTP][0m [90m[39m
[38;5;0m[HTTP][0m [37m-->[39m [37mGET[39m [37m/wd/hub/session/f57417f4-597c-4d1e-b36c-d17e36635d24/source[39m
[38;5;0m[HTTP][0m [90m{}[39m
[38;5;48m[AndroidUiautomator2Driver@1bc7 (f57417f4)][0m Driver proxy active, passing request on via HTTP proxy
[38;5;48m[AndroidUiautomator2Driver@1bc7 (f57417f4)][0m Replacing sessionId 3bb3ac2e-6a4e-4094-9aec-3093968fa752 with f57417f4-597c-4d1e-b36c-d17e36635d24
[38;5;0m[HTTP][0m [37m<-- GET /wd/hub/session/f57417f4-597c-4d1e-b36c-d17e36635d24/source [39m[32m200[39m [90m86 ms - 9661[39m
[38;5;0m[HTTP][0m [90m[39m
[38;5;0m[HTTP][0m [37m-->[39m [37mGET[39m [37m/wd/hub/session/f57417f4-597c-4d1e-b36c-d17e36635d24/screenshot[39m
[38;5;0m[HTTP][0m [90m{}[39m
[38;5;0m[HTTP][0m [37m<-- GET /wd/hub/session/f57417f4-597c-4d1e-b36c-d17e36635d24/screenshot [39m[32m200[39m [90m1759 ms - 1072448[39m
[38;5;0m[HTTP][0m [90m[39m
[38;5;0m[HTTP][0m [37m-->[39m [37mDELETE[39m [37m/wd/hub/session/f57417f4-597c-4d1e-b36c-d17e36635d24[39m
[38;5;0m[HTTP][0m [90m{}[39m
[38;5;16m[AppiumDriver@930a][0m Removing session f57417f4-597c-4d1e-b36c-d17e36635d24 from our master session list
[38;5;48m[AndroidUiautomator2Driver@1bc7 (f57417f4)][0m Restoring hidden api policy to the device default configuration
[38;5;0m[HTTP][0m [37m<-- DELETE /wd/hub/session/f57417f4-597c-4d1e-b36c-d17e36635d24 [39m[32m200[39m [90m363 ms - 14[39m
[38;5;0m[HTTP][0m [90m[39m
